2015-05-04 23:11:24,948 DEBUG [main] (TimeslotUtil.java:48) - timeslots: [0:(11.12.2011-18.12.2011), 1:(15.12.2011-22.12.2011), 2:(19.12.2011-26.12.2011), 3:(23.12.2011-30.12.2011), 4:(27.12.2011-03.01.2012), 5:(31.12.2011-07.01.2012), 6:(04.01.2012-11.01.2012), 7:(08.01.2012-15.01.2012), 8:(12.01.2012-19.01.2012), 9:(16.01.2012-23.01.2012), 10:(20.01.2012-27.01.2012), 11:(24.01.2012-31.01.2012), 12:(28.01.2012-04.02.2012), 13:(01.02.2012-08.02.2012), 14:(05.02.2012-12.02.2012), 15:(09.02.2012-16.02.2012), 16:(13.02.2012-20.02.2012), 17:(17.02.2012-24.02.2012), 18:(21.02.2012-28.02.2012), 19:(25.02.2012-03.03.2012), 20:(29.02.2012-07.03.2012), 21:(04.03.2012-11.03.2012), 22:(08.03.2012-15.03.2012), 23:(12.03.2012-19.03.2012), 24:(16.03.2012-23.03.2012), 25:(20.03.2012-27.03.2012), 26:(24.03.2012-31.03.2012), 27:(28.03.2012-04.04.2012)]
2015-05-04 23:11:26,067 DEBUG [main] (GEVi.java:54) - nodes in jgraph: 894
2015-05-04 23:11:26,402 DEBUG [main] (mxCustomGraphHierarchyModel.java:86) - layout for hierarchy done
2015-05-04 23:11:26,657 DEBUG [main] (mxCustomGraphHierarchyModel.java:86) - layout for hierarchy done
2015-05-04 23:11:26,659 DEBUG [main] (mxCustomGraphHierarchyModel.java:86) - layout for hierarchy done
2015-05-04 23:11:26,661 DEBUG [main] (mxCustomGraphHierarchyModel.java:86) - layout for hierarchy done
2015-05-04 23:11:26,662 DEBUG [main] (mxCustomGraphHierarchyModel.java:86) - layout for hierarchy done
2015-05-04 23:11:26,664 DEBUG [main] (mxCustomGraphHierarchyModel.java:86) - layout for hierarchy done
2015-08-28 11:42:43,656 DEBUG [main] (TimeslotUtil.java:48) - timeslots: [0:(11.12.2011-18.12.2011), 1:(15.12.2011-22.12.2011), 2:(19.12.2011-26.12.2011), 3:(23.12.2011-30.12.2011), 4:(27.12.2011-03.01.2012), 5:(31.12.2011-07.01.2012), 6:(04.01.2012-11.01.2012), 7:(08.01.2012-15.01.2012), 8:(12.01.2012-19.01.2012), 9:(16.01.2012-23.01.2012), 10:(20.01.2012-27.01.2012), 11:(24.01.2012-31.01.2012), 12:(28.01.2012-04.02.2012), 13:(01.02.2012-08.02.2012), 14:(05.02.2012-12.02.2012), 15:(09.02.2012-16.02.2012), 16:(13.02.2012-20.02.2012), 17:(17.02.2012-24.02.2012), 18:(21.02.2012-28.02.2012), 19:(25.02.2012-03.03.2012), 20:(29.02.2012-07.03.2012), 21:(04.03.2012-11.03.2012), 22:(08.03.2012-15.03.2012), 23:(12.03.2012-19.03.2012), 24:(16.03.2012-23.03.2012), 25:(20.03.2012-27.03.2012), 26:(24.03.2012-31.03.2012), 27:(28.03.2012-04.04.2012)]
2015-08-28 11:42:44,940 DEBUG [main] (GEVi.java:54) - nodes in jgraph: 894
2015-08-28 11:42:45,243 DEBUG [main] (mxCustomGraphHierarchyModel.java:86) - layout for hierarchy done
2015-08-28 11:42:45,709 DEBUG [main] (mxCustomGraphHierarchyModel.java:86) - layout for hierarchy done
2015-08-28 11:42:45,711 DEBUG [main] (mxCustomGraphHierarchyModel.java:86) - layout for hierarchy done
2015-08-28 11:42:45,712 DEBUG [main] (mxCustomGraphHierarchyModel.java:86) - layout for hierarchy done
2015-08-28 11:42:45,714 DEBUG [main] (mxCustomGraphHierarchyModel.java:86) - layout for hierarchy done
2015-08-28 11:42:45,717 DEBUG [main] (mxCustomGraphHierarchyModel.java:86) - layout for hierarchy done
2015-08-28 12:22:47,430 DEBUG [main] (TimeslotUtil.java:48) - timeslots: [0:(11.12.2011-18.12.2011), 1:(15.12.2011-22.12.2011), 2:(19.12.2011-26.12.2011), 3:(23.12.2011-30.12.2011), 4:(27.12.2011-03.01.2012), 5:(31.12.2011-07.01.2012), 6:(04.01.2012-11.01.2012), 7:(08.01.2012-15.01.2012), 8:(12.01.2012-19.01.2012), 9:(16.01.2012-23.01.2012), 10:(20.01.2012-27.01.2012), 11:(24.01.2012-31.01.2012), 12:(28.01.2012-04.02.2012), 13:(01.02.2012-08.02.2012), 14:(05.02.2012-12.02.2012), 15:(09.02.2012-16.02.2012), 16:(13.02.2012-20.02.2012), 17:(17.02.2012-24.02.2012), 18:(21.02.2012-28.02.2012), 19:(25.02.2012-03.03.2012), 20:(29.02.2012-07.03.2012), 21:(04.03.2012-11.03.2012), 22:(08.03.2012-15.03.2012), 23:(12.03.2012-19.03.2012), 24:(16.03.2012-23.03.2012), 25:(20.03.2012-27.03.2012), 26:(24.03.2012-31.03.2012), 27:(28.03.2012-04.04.2012)]
2015-08-28 12:22:48,789 DEBUG [main] (GEVi.java:54) - nodes in jgraph: 894
2015-08-28 12:22:49,100 DEBUG [main] (mxCustomGraphHierarchyModel.java:86) - layout for hierarchy done
2015-08-28 12:22:49,502 DEBUG [main] (mxCustomGraphHierarchyModel.java:86) - layout for hierarchy done
2015-08-28 12:22:49,503 DEBUG [main] (mxCustomGraphHierarchyModel.java:86) - layout for hierarchy done
2015-08-28 12:22:49,504 DEBUG [main] (mxCustomGraphHierarchyModel.java:86) - layout for hierarchy done
2015-08-28 12:22:49,506 DEBUG [main] (mxCustomGraphHierarchyModel.java:86) - layout for hierarchy done
2015-08-28 12:22:49,508 DEBUG [main] (mxCustomGraphHierarchyModel.java:86) - layout for hierarchy done
2015-08-28 12:23:13,532 DEBUG [main] (TimeslotUtil.java:48) - timeslots: [0:(11.12.2011-18.12.2011), 1:(15.12.2011-22.12.2011), 2:(19.12.2011-26.12.2011), 3:(23.12.2011-30.12.2011), 4:(27.12.2011-03.01.2012), 5:(31.12.2011-07.01.2012), 6:(04.01.2012-11.01.2012), 7:(08.01.2012-15.01.2012), 8:(12.01.2012-19.01.2012), 9:(16.01.2012-23.01.2012), 10:(20.01.2012-27.01.2012), 11:(24.01.2012-31.01.2012), 12:(28.01.2012-04.02.2012), 13:(01.02.2012-08.02.2012), 14:(05.02.2012-12.02.2012), 15:(09.02.2012-16.02.2012), 16:(13.02.2012-20.02.2012), 17:(17.02.2012-24.02.2012), 18:(21.02.2012-28.02.2012), 19:(25.02.2012-03.03.2012), 20:(29.02.2012-07.03.2012), 21:(04.03.2012-11.03.2012), 22:(08.03.2012-15.03.2012), 23:(12.03.2012-19.03.2012), 24:(16.03.2012-23.03.2012), 25:(20.03.2012-27.03.2012), 26:(24.03.2012-31.03.2012), 27:(28.03.2012-04.04.2012)]
2015-08-28 12:23:14,418 DEBUG [main] (GEVi.java:54) - nodes in jgraph: 894
2015-08-28 12:23:14,715 DEBUG [main] (mxCustomGraphHierarchyModel.java:86) - layout for hierarchy done
2015-08-28 12:23:15,049 DEBUG [main] (mxCustomGraphHierarchyModel.java:86) - layout for hierarchy done
2015-08-28 12:23:15,050 DEBUG [main] (mxCustomGraphHierarchyModel.java:86) - layout for hierarchy done
2015-08-28 12:23:15,052 DEBUG [main] (mxCustomGraphHierarchyModel.java:86) - layout for hierarchy done
2015-08-28 12:23:15,054 DEBUG [main] (mxCustomGraphHierarchyModel.java:86) - layout for hierarchy done
2015-08-28 12:23:15,056 DEBUG [main] (mxCustomGraphHierarchyModel.java:86) - layout for hierarchy done
2015-08-28 12:23:36,623 DEBUG [main] (TimeslotUtil.java:48) - timeslots: [0:(11.12.2011-18.12.2011), 1:(15.12.2011-22.12.2011), 2:(19.12.2011-26.12.2011), 3:(23.12.2011-30.12.2011), 4:(27.12.2011-03.01.2012), 5:(31.12.2011-07.01.2012), 6:(04.01.2012-11.01.2012), 7:(08.01.2012-15.01.2012), 8:(12.01.2012-19.01.2012), 9:(16.01.2012-23.01.2012), 10:(20.01.2012-27.01.2012), 11:(24.01.2012-31.01.2012), 12:(28.01.2012-04.02.2012), 13:(01.02.2012-08.02.2012), 14:(05.02.2012-12.02.2012), 15:(09.02.2012-16.02.2012), 16:(13.02.2012-20.02.2012), 17:(17.02.2012-24.02.2012), 18:(21.02.2012-28.02.2012), 19:(25.02.2012-03.03.2012), 20:(29.02.2012-07.03.2012), 21:(04.03.2012-11.03.2012), 22:(08.03.2012-15.03.2012), 23:(12.03.2012-19.03.2012), 24:(16.03.2012-23.03.2012), 25:(20.03.2012-27.03.2012), 26:(24.03.2012-31.03.2012), 27:(28.03.2012-04.04.2012)]
2015-08-28 12:23:37,506 DEBUG [main] (GEVi.java:54) - nodes in jgraph: 894
2015-08-28 12:23:37,810 DEBUG [main] (mxCustomGraphHierarchyModel.java:86) - layout for hierarchy done
2015-08-28 12:23:38,076 DEBUG [main] (mxCustomGraphHierarchyModel.java:86) - layout for hierarchy done
2015-08-28 12:23:38,078 DEBUG [main] (mxCustomGraphHierarchyModel.java:86) - layout for hierarchy done
2015-08-28 12:23:38,080 DEBUG [main] (mxCustomGraphHierarchyModel.java:86) - layout for hierarchy done
2015-08-28 12:23:38,081 DEBUG [main] (mxCustomGraphHierarchyModel.java:86) - layout for hierarchy done
2015-08-28 12:23:38,084 DEBUG [main] (mxCustomGraphHierarchyModel.java:86) - layout for hierarchy done
2015-08-28 12:24:14,694 DEBUG [main] (TimeslotUtil.java:48) - timeslots: [0:(11.12.2011-18.12.2011), 1:(15.12.2011-22.12.2011), 2:(19.12.2011-26.12.2011), 3:(23.12.2011-30.12.2011), 4:(27.12.2011-03.01.2012), 5:(31.12.2011-07.01.2012), 6:(04.01.2012-11.01.2012), 7:(08.01.2012-15.01.2012), 8:(12.01.2012-19.01.2012), 9:(16.01.2012-23.01.2012), 10:(20.01.2012-27.01.2012), 11:(24.01.2012-31.01.2012), 12:(28.01.2012-04.02.2012), 13:(01.02.2012-08.02.2012), 14:(05.02.2012-12.02.2012), 15:(09.02.2012-16.02.2012), 16:(13.02.2012-20.02.2012), 17:(17.02.2012-24.02.2012), 18:(21.02.2012-28.02.2012), 19:(25.02.2012-03.03.2012), 20:(29.02.2012-07.03.2012), 21:(04.03.2012-11.03.2012), 22:(08.03.2012-15.03.2012), 23:(12.03.2012-19.03.2012), 24:(16.03.2012-23.03.2012), 25:(20.03.2012-27.03.2012), 26:(24.03.2012-31.03.2012), 27:(28.03.2012-04.04.2012)]
2015-08-28 12:24:15,599 DEBUG [main] (GEVi.java:54) - nodes in jgraph: 894
2015-08-28 12:24:15,895 DEBUG [main] (mxCustomGraphHierarchyModel.java:86) - layout for hierarchy done
2015-08-28 12:24:16,215 DEBUG [main] (mxCustomGraphHierarchyModel.java:86) - layout for hierarchy done
2015-08-28 12:24:16,217 DEBUG [main] (mxCustomGraphHierarchyModel.java:86) - layout for hierarchy done
2015-08-28 12:24:16,219 DEBUG [main] (mxCustomGraphHierarchyModel.java:86) - layout for hierarchy done
2015-08-28 12:24:16,220 DEBUG [main] (mxCustomGraphHierarchyModel.java:86) - layout for hierarchy done
2015-08-28 12:24:16,223 DEBUG [main] (mxCustomGraphHierarchyModel.java:86) - layout for hierarchy done
2015-08-28 12:24:34,975 DEBUG [main] (TimeslotUtil.java:48) - timeslots: [0:(11.12.2011-18.12.2011), 1:(15.12.2011-22.12.2011), 2:(19.12.2011-26.12.2011), 3:(23.12.2011-30.12.2011), 4:(27.12.2011-03.01.2012), 5:(31.12.2011-07.01.2012), 6:(04.01.2012-11.01.2012), 7:(08.01.2012-15.01.2012), 8:(12.01.2012-19.01.2012), 9:(16.01.2012-23.01.2012), 10:(20.01.2012-27.01.2012), 11:(24.01.2012-31.01.2012), 12:(28.01.2012-04.02.2012), 13:(01.02.2012-08.02.2012), 14:(05.02.2012-12.02.2012), 15:(09.02.2012-16.02.2012), 16:(13.02.2012-20.02.2012), 17:(17.02.2012-24.02.2012), 18:(21.02.2012-28.02.2012), 19:(25.02.2012-03.03.2012), 20:(29.02.2012-07.03.2012), 21:(04.03.2012-11.03.2012), 22:(08.03.2012-15.03.2012), 23:(12.03.2012-19.03.2012), 24:(16.03.2012-23.03.2012), 25:(20.03.2012-27.03.2012), 26:(24.03.2012-31.03.2012), 27:(28.03.2012-04.04.2012)]
2015-08-28 12:24:35,888 DEBUG [main] (GEVi.java:54) - nodes in jgraph: 894
2015-08-28 12:24:36,232 DEBUG [main] (mxCustomGraphHierarchyModel.java:86) - layout for hierarchy done
2015-08-28 12:24:36,479 DEBUG [main] (mxCustomGraphHierarchyModel.java:86) - layout for hierarchy done
2015-08-28 12:24:36,481 DEBUG [main] (mxCustomGraphHierarchyModel.java:86) - layout for hierarchy done
2015-08-28 12:24:36,483 DEBUG [main] (mxCustomGraphHierarchyModel.java:86) - layout for hierarchy done
2015-08-28 12:24:36,485 DEBUG [main] (mxCustomGraphHierarchyModel.java:86) - layout for hierarchy done
2015-08-28 12:24:36,487 DEBUG [main] (mxCustomGraphHierarchyModel.java:86) - layout for hierarchy done
2015-08-28 17:23:54,406 DEBUG [main] (TimeslotUtil.java:48) - timeslots: [0:(11.12.2011-18.12.2011), 1:(15.12.2011-22.12.2011), 2:(19.12.2011-26.12.2011), 3:(23.12.2011-30.12.2011), 4:(27.12.2011-03.01.2012), 5:(31.12.2011-07.01.2012), 6:(04.01.2012-11.01.2012), 7:(08.01.2012-15.01.2012), 8:(12.01.2012-19.01.2012), 9:(16.01.2012-23.01.2012), 10:(20.01.2012-27.01.2012), 11:(24.01.2012-31.01.2012), 12:(28.01.2012-04.02.2012), 13:(01.02.2012-08.02.2012), 14:(05.02.2012-12.02.2012), 15:(09.02.2012-16.02.2012), 16:(13.02.2012-20.02.2012), 17:(17.02.2012-24.02.2012), 18:(21.02.2012-28.02.2012), 19:(25.02.2012-03.03.2012), 20:(29.02.2012-07.03.2012), 21:(04.03.2012-11.03.2012), 22:(08.03.2012-15.03.2012), 23:(12.03.2012-19.03.2012), 24:(16.03.2012-23.03.2012), 25:(20.03.2012-27.03.2012), 26:(24.03.2012-31.03.2012), 27:(28.03.2012-04.04.2012)]
2015-08-28 17:23:55,175 DEBUG [main] (GEVi.java:54) - nodes in jgraph: 894
2015-08-28 17:23:55,475 DEBUG [main] (mxCustomGraphHierarchyModel.java:86) - layout for hierarchy done
2015-08-28 17:23:55,891 DEBUG [main] (mxCustomGraphHierarchyModel.java:86) - layout for hierarchy done
2015-08-28 17:23:55,893 DEBUG [main] (mxCustomGraphHierarchyModel.java:86) - layout for hierarchy done
2015-08-28 17:23:55,895 DEBUG [main] (mxCustomGraphHierarchyModel.java:86) - layout for hierarchy done
2015-08-28 17:23:55,896 DEBUG [main] (mxCustomGraphHierarchyModel.java:86) - layout for hierarchy done
2015-08-28 17:23:55,898 DEBUG [main] (mxCustomGraphHierarchyModel.java:86) - layout for hierarchy done
2015-08-28 17:26:11,771 DEBUG [main] (TimeslotUtil.java:48) - timeslots: [0:(01.03.2012-08.03.2012), 1:(05.03.2012-12.03.2012), 2:(09.03.2012-16.03.2012), 3:(13.03.2012-20.03.2012), 4:(17.03.2012-24.03.2012), 5:(21.03.2012-28.03.2012), 6:(25.03.2012-01.04.2012), 7:(29.03.2012-05.04.2012)]
2015-08-28 17:26:12,231 DEBUG [main] (GEVi.java:54) - nodes in jgraph: 267
2015-08-28 17:26:12,360 DEBUG [main] (mxCustomGraphHierarchyModel.java:86) - layout for hierarchy done
2015-08-28 17:26:12,608 DEBUG [main] (mxCustomGraphHierarchyModel.java:86) - layout for hierarchy done
2015-08-28 17:26:12,609 DEBUG [main] (mxCustomGraphHierarchyModel.java:86) - layout for hierarchy done
2015-08-28 17:26:12,610 DEBUG [main] (mxCustomGraphHierarchyModel.java:86) - layout for hierarchy done
2015-08-28 17:26:12,611 DEBUG [main] (mxCustomGraphHierarchyModel.java:86) - layout for hierarchy done
2015-08-28 17:26:55,829 DEBUG [main] (TimeslotUtil.java:48) - timeslots: [0:(29.03.2012-05.04.2012)]
2015-08-28 17:27:09,300 DEBUG [main] (TimeslotUtil.java:48) - timeslots: [0:(25.03.2012-01.04.2012), 1:(29.03.2012-05.04.2012)]
2015-08-28 17:27:09,492 DEBUG [main] (GEVi.java:54) - nodes in jgraph: 0
2015-08-28 17:27:28,132 DEBUG [main] (TimeslotUtil.java:48) - timeslots: [0:(20.03.2012-27.03.2012), 1:(24.03.2012-31.03.2012), 2:(28.03.2012-04.04.2012)]
2015-08-28 17:27:28,412 DEBUG [main] (GEVi.java:54) - nodes in jgraph: 91
2015-08-28 17:27:28,465 DEBUG [main] (mxCustomGraphHierarchyModel.java:86) - layout for hierarchy done
2015-08-28 17:27:28,588 DEBUG [main] (mxCustomGraphHierarchyModel.java:86) - layout for hierarchy done
2015-08-28 17:27:28,590 DEBUG [main] (mxCustomGraphHierarchyModel.java:86) - layout for hierarchy done
2015-08-28 17:28:52,727 DEBUG [main] (TimeslotUtil.java:48) - timeslots: [0:(20.03.2014-27.03.2014), 1:(24.03.2014-31.03.2014), 2:(28.03.2014-04.04.2014)]
2015-08-28 17:28:52,984 DEBUG [main] (GEVi.java:54) - nodes in jgraph: 91
2015-08-28 17:28:53,046 DEBUG [main] (mxCustomGraphHierarchyModel.java:86) - layout for hierarchy done
2015-08-28 17:28:53,170 DEBUG [main] (mxCustomGraphHierarchyModel.java:86) - layout for hierarchy done
2015-08-28 17:28:53,171 DEBUG [main] (mxCustomGraphHierarchyModel.java:86) - layout for hierarchy done
2015-08-28 17:30:05,547 DEBUG [main] (TimeslotUtil.java:48) - timeslots: [0:(11.11.2014-18.11.2014), 1:(15.11.2014-22.11.2014), 2:(19.11.2014-26.11.2014)]
2015-08-28 17:30:05,840 DEBUG [main] (GEVi.java:54) - nodes in jgraph: 91
2015-08-28 17:30:05,902 DEBUG [main] (mxCustomGraphHierarchyModel.java:86) - layout for hierarchy done
2015-08-28 17:30:06,026 DEBUG [main] (mxCustomGraphHierarchyModel.java:86) - layout for hierarchy done
2015-08-28 17:30:06,027 DEBUG [main] (mxCustomGraphHierarchyModel.java:86) - layout for hierarchy done
2015-08-28 17:32:45,229 DEBUG [main] (TimeslotUtil.java:48) - timeslots: [0:(11.11.2014-18.11.2014), 1:(15.11.2014-22.11.2014), 2:(19.11.2014-26.11.2014)]
2015-08-28 18:00:04,480 DEBUG [main] (GEVi.java:54) - nodes in jgraph: 91
2015-08-28 18:00:04,544 DEBUG [main] (mxCustomGraphHierarchyModel.java:86) - layout for hierarchy done
2015-08-28 18:00:04,795 DEBUG [main] (mxCustomGraphHierarchyModel.java:86) - layout for hierarchy done
2015-08-28 18:00:04,796 DEBUG [main] (mxCustomGraphHierarchyModel.java:86) - layout for hierarchy done
2015-08-28 20:16:51,342 DEBUG [main] (TimeslotUtil.java:48) - timeslots: [0:(11.11.2014-18.11.2014), 1:(15.11.2014-22.11.2014), 2:(19.11.2014-26.11.2014)]
2015-08-30 11:52:08,240 DEBUG [main] (TimeslotUtil.java:48) - timeslots: [0:(11.11.2014-18.11.2014), 1:(15.11.2014-22.11.2014), 2:(19.11.2014-26.11.2014)]
2015-08-30 11:52:08,546 DEBUG [main] (GEVi.java:54) - nodes in jgraph: 91
2015-08-30 11:52:08,608 DEBUG [main] (mxCustomGraphHierarchyModel.java:86) - layout for hierarchy done
2015-08-30 11:52:08,829 DEBUG [main] (mxCustomGraphHierarchyModel.java:86) - layout for hierarchy done
2015-08-30 11:52:08,830 DEBUG [main] (mxCustomGraphHierarchyModel.java:86) - layout for hierarchy done
